<?xml version="1.0" encoding="UTF-8"?>
<!-- Generated by org.testng.reporters.JUnitXMLReporter -->
<testsuite ignored="0" hostname="LAPTOP-G06LN27R" failures="0" tests="7" name="openCartTest" time="72.352" errors="0" timestamp="2022-11-22T14:33:50 AEDT">
  <testcase classname="testCases.TC_001_AccountRegistrationTest" name="test_account_Registration" time="8.003"/>
  <testcase classname="testCases.TC_002_LoginTest" name="test_login" time="1.468"/>
  <testcase classname="testCases.TC_003_LoginDataDrivenTest" name="test_LoginDDT" time="1.972"/>
  <testcase classname="testCases.TC_003_LoginDataDrivenTest" name="test_LoginDDT" time="10.968"/>
  <testcase classname="testCases.TC_003_LoginDataDrivenTest" name="test_LoginDDT" time="10.973"/>
  <testcase classname="testCases.TC_003_LoginDataDrivenTest" name="test_LoginDDT" time="10.966"/>
  <testcase classname="testCases.TC_003_LoginDataDrivenTest" name="test_LoginDDT" time="1.892"/>
</testsuite> <!-- openCartTest -->
