<?xml version="1.0" encoding="UTF-8"?>
<!-- Generated by org.testng.reporters.JUnitXMLReporter -->
<testsuite ignored="0" hostname="LAPTOP-G06LN27R" failures="0" tests="7" name="openCartTest" time="64.67" errors="0" timestamp="2022-11-22T14:45:49 AEDT">
  <testcase classname="testCases.TC_001_AccountRegistrationTest" name="test_account_Registration" time="7.999"/>
  <testcase classname="testCases.TC_002_LoginTest" name="test_login" time="1.101"/>
  <testcase classname="testCases.TC_003_LoginDataDrivenTest" name="test_LoginDDT" time="1.347"/>
  <testcase classname="testCases.TC_003_LoginDataDrivenTest" name="test_LoginDDT" time="10.649"/>
  <testcase classname="testCases.TC_003_LoginDataDrivenTest" name="test_LoginDDT" time="10.692"/>
  <testcase classname="testCases.TC_003_LoginDataDrivenTest" name="test_LoginDDT" time="10.691"/>
  <testcase classname="testCases.TC_003_LoginDataDrivenTest" name="test_LoginDDT" time="1.574"/>
</testsuite> <!-- openCartTest -->
