<?xml version="1.0" encoding="UTF-8"?>
<testng-results ignored="0" total="7" passed="7" failed="0" skipped="0">
  <reporter-output>
  </reporter-output>
  <suite started-at="2022-11-22T14:32:37 AEDT" name="opencartsuite" finished-at="2022-11-22T14:33:49 AEDT" duration-ms="72352">
    <groups>
      <group name="Master">
        <method signature="TC_001_AccountRegistrationTest.test_account_Registration()[pri:0, instance:testCases.TC_001_AccountRegistrationTest@53fe15ff]" name="test_account_Registration" class="testCases.TC_001_AccountRegistrationTest"/>
        <method signature="TC_002_LoginTest.test_login()[pri:0, instance:testCases.TC_002_LoginTest@2eae8e6e]" name="test_login" class="testCases.TC_002_LoginTest"/>
      </group> <!-- Master -->
      <group name="Sanity">
        <method signature="TC_002_LoginTest.test_login()[pri:0, instance:testCases.TC_002_LoginTest@2eae8e6e]" name="test_login" class="testCases.TC_002_LoginTest"/>
      </group> <!-- Sanity -->
      <group name="Regression">
        <method signature="TC_001_AccountRegistrationTest.test_account_Registration()[pri:0, instance:testCases.TC_001_AccountRegistrationTest@53fe15ff]" name="test_account_Registration" class="testCases.TC_001_AccountRegistrationTest"/>
      </group> <!-- Regression -->
    </groups>
    <test started-at="2022-11-22T14:32:37 AEDT" name="openCartTest" finished-at="2022-11-22T14:33:49 AEDT" duration-ms="72352">
      <class name="testCases.TC_001_AccountRegistrationTest">
        <test-method is-config="true" signature="setup(java.lang.String)[pri:0, instance:testCases.TC_001_AccountRegistrationTest@53fe15ff]" started-at="2022-11-22T14:32:37 AEDT" name="setup" finished-at="2022-11-22T14:32:46 AEDT" duration-ms="8594" status="PASS">
          <params>
            <param index="0">
              <value>
                <![CDATA[firefox]]>
              </value>
            </param>
          </params>
          <reporter-output>
          </reporter-output>
        </test-method> <!-- setup -->
        <test-method signature="test_account_Registration()[pri:0, instance:testCases.TC_001_AccountRegistrationTest@53fe15ff]" started-at="2022-11-22T14:32:46 AEDT" name="test_account_Registration" finished-at="2022-11-22T14:32:54 AEDT" duration-ms="8003" status="PASS">
          <reporter-output>
          </reporter-output>
        </test-method> <!-- test_account_Registration -->
        <test-method is-config="true" signature="tearDown()[pri:0, instance:testCases.TC_001_AccountRegistrationTest@53fe15ff]" started-at="2022-11-22T14:32:54 AEDT" name="tearDown" finished-at="2022-11-22T14:32:55 AEDT" duration-ms="1049" status="PASS">
          <reporter-output>
          </reporter-output>
        </test-method> <!-- tearDown -->
      </class> <!-- testCases.TC_001_AccountRegistrationTest -->
      <class name="testCases.TC_002_LoginTest">
        <test-method is-config="true" signature="setup(java.lang.String)[pri:0, instance:testCases.TC_002_LoginTest@2eae8e6e]" started-at="2022-11-22T14:32:55 AEDT" name="setup" finished-at="2022-11-22T14:33:01 AEDT" duration-ms="6743" status="PASS">
          <params>
            <param index="0">
              <value>
                <![CDATA[firefox]]>
              </value>
            </param>
          </params>
          <reporter-output>
          </reporter-output>
        </test-method> <!-- setup -->
        <test-method signature="test_login()[pri:0, instance:testCases.TC_002_LoginTest@2eae8e6e]" started-at="2022-11-22T14:33:01 AEDT" name="test_login" finished-at="2022-11-22T14:33:03 AEDT" duration-ms="1468" status="PASS">
          <reporter-output>
          </reporter-output>
        </test-method> <!-- test_login -->
        <test-method is-config="true" signature="tearDown()[pri:0, instance:testCases.TC_002_LoginTest@2eae8e6e]" started-at="2022-11-22T14:33:03 AEDT" name="tearDown" finished-at="2022-11-22T14:33:04 AEDT" duration-ms="916" status="PASS">
          <reporter-output>
          </reporter-output>
        </test-method> <!-- tearDown -->
      </class> <!-- testCases.TC_002_LoginTest -->
      <class name="testCases.TC_003_LoginDataDrivenTest">
        <test-method is-config="true" signature="setup(java.lang.String)[pri:0, instance:testCases.TC_003_LoginDataDrivenTest@8f2ef19]" started-at="2022-11-22T14:33:04 AEDT" name="setup" finished-at="2022-11-22T14:33:11 AEDT" duration-ms="6639" status="PASS">
          <params>
            <param index="0">
              <value>
                <![CDATA[firefox]]>
              </value>
            </param>
          </params>
          <reporter-output>
          </reporter-output>
        </test-method> <!-- setup -->
        <test-method signature="test_LoginDDT(java.lang.String,java.lang.String,java.lang.String)[pri:0, instance:testCases.TC_003_LoginDataDrivenTest@8f2ef19]" started-at="2022-11-22T14:33:11 AEDT" name="test_LoginDDT" data-provider="LoginData" finished-at="2022-11-22T14:33:13 AEDT" duration-ms="1972" status="PASS">
          <params>
            <param index="0">
              <value>
                <![CDATA[abcxyz@gmaili.com]]>
              </value>
            </param>
            <param index="1">
              <value>
                <![CDATA[test@123]]>
              </value>
            </param>
            <param index="2">
              <value>
                <![CDATA[Valid]]>
              </value>
            </param>
          </params>
          <reporter-output>
          </reporter-output>
        </test-method> <!-- test_LoginDDT -->
        <test-method signature="test_LoginDDT(java.lang.String,java.lang.String,java.lang.String)[pri:0, instance:testCases.TC_003_LoginDataDrivenTest@8f2ef19]" started-at="2022-11-22T14:33:13 AEDT" name="test_LoginDDT" data-provider="LoginData" finished-at="2022-11-22T14:33:24 AEDT" duration-ms="10968" status="PASS">
          <params>
            <param index="0">
              <value>
                <![CDATA[lakshmi@yahoo.com]]>
              </value>
            </param>
            <param index="1">
              <value>
                <![CDATA[Laxmi]]>
              </value>
            </param>
            <param index="2">
              <value>
                <![CDATA[Invalid]]>
              </value>
            </param>
          </params>
          <reporter-output>
          </reporter-output>
        </test-method> <!-- test_LoginDDT -->
        <test-method signature="test_LoginDDT(java.lang.String,java.lang.String,java.lang.String)[pri:0, instance:testCases.TC_003_LoginDataDrivenTest@8f2ef19]" started-at="2022-11-22T14:33:24 AEDT" name="test_LoginDDT" data-provider="LoginData" finished-at="2022-11-22T14:33:35 AEDT" duration-ms="10973" status="PASS">
          <params>
            <param index="0">
              <value>
                <![CDATA[laksh@yahoo.com]]>
              </value>
            </param>
            <param index="1">
              <value>
                <![CDATA[Lakshmi]]>
              </value>
            </param>
            <param index="2">
              <value>
                <![CDATA[Invalid]]>
              </value>
            </param>
          </params>
          <reporter-output>
          </reporter-output>
        </test-method> <!-- test_LoginDDT -->
        <test-method signature="test_LoginDDT(java.lang.String,java.lang.String,java.lang.String)[pri:0, instance:testCases.TC_003_LoginDataDrivenTest@8f2ef19]" started-at="2022-11-22T14:33:35 AEDT" name="test_LoginDDT" data-provider="LoginData" finished-at="2022-11-22T14:33:46 AEDT" duration-ms="10966" status="PASS">
          <params>
            <param index="0">
              <value>
                <![CDATA[laks@yahoo.com]]>
              </value>
            </param>
            <param index="1">
              <value>
                <![CDATA[xyz]]>
              </value>
            </param>
            <param index="2">
              <value>
                <![CDATA[Invalid]]>
              </value>
            </param>
          </params>
          <reporter-output>
          </reporter-output>
        </test-method> <!-- test_LoginDDT -->
        <test-method signature="test_LoginDDT(java.lang.String,java.lang.String,java.lang.String)[pri:0, instance:testCases.TC_003_LoginDataDrivenTest@8f2ef19]" started-at="2022-11-22T14:33:46 AEDT" name="test_LoginDDT" data-provider="LoginData" finished-at="2022-11-22T14:33:48 AEDT" duration-ms="1892" status="PASS">
          <params>
            <param index="0">
              <value>
                <![CDATA[abc1040@gmail.com]]>
              </value>
            </param>
            <param index="1">
              <value>
                <![CDATA[Kutty123]]>
              </value>
            </param>
            <param index="2">
              <value>
                <![CDATA[Valid]]>
              </value>
            </param>
          </params>
          <reporter-output>
          </reporter-output>
        </test-method> <!-- test_LoginDDT -->
        <test-method is-config="true" signature="tearDown()[pri:0, instance:testCases.TC_003_LoginDataDrivenTest@8f2ef19]" started-at="2022-11-22T14:33:48 AEDT" name="tearDown" finished-at="2022-11-22T14:33:49 AEDT" duration-ms="1038" status="PASS">
          <reporter-output>
          </reporter-output>
        </test-method> <!-- tearDown -->
      </class> <!-- testCases.TC_003_LoginDataDrivenTest -->
    </test> <!-- openCartTest -->
  </suite> <!-- opencartsuite -->
</testng-results>
