<?xml version="1.0" encoding="UTF-8"?>
<testng-results ignored="0" total="7" passed="7" failed="0" skipped="0">
  <reporter-output>
  </reporter-output>
  <suite started-at="2022-11-22T14:44:44 AEDT" name="opencartsuite" finished-at="2022-11-22T14:45:49 AEDT" duration-ms="64670">
    <groups>
      <group name="Master">
        <method signature="TC_001_AccountRegistrationTest.test_account_Registration()[pri:0, instance:testCases.TC_001_AccountRegistrationTest@53fe15ff]" name="test_account_Registration" class="testCases.TC_001_AccountRegistrationTest"/>
        <method signature="TC_002_LoginTest.test_login()[pri:0, instance:testCases.TC_002_LoginTest@2eae8e6e]" name="test_login" class="testCases.TC_002_LoginTest"/>
      </group> <!-- Master -->
      <group name="Sanity">
        <method signature="TC_002_LoginTest.test_login()[pri:0, instance:testCases.TC_002_LoginTest@2eae8e6e]" name="test_login" class="testCases.TC_002_LoginTest"/>
      </group> <!-- Sanity -->
      <group name="Regression">
        <method signature="TC_001_AccountRegistrationTest.test_account_Registration()[pri:0, instance:testCases.TC_001_AccountRegistrationTest@53fe15ff]" name="test_account_Registration" class="testCases.TC_001_AccountRegistrationTest"/>
      </group> <!-- Regression -->
    </groups>
    <test started-at="2022-11-22T14:44:44 AEDT" name="openCartTest" finished-at="2022-11-22T14:45:49 AEDT" duration-ms="64670">
      <class name="testCases.TC_001_AccountRegistrationTest">
        <test-method is-config="true" signature="setup(java.lang.String)[pri:0, instance:testCases.TC_001_AccountRegistrationTest@53fe15ff]" started-at="2022-11-22T14:44:44 AEDT" name="setup" finished-at="2022-11-22T14:44:51 AEDT" duration-ms="7253" status="PASS">
          <params>
            <param index="0">
              <value>
                <![CDATA[chrome]]>
              </value>
            </param>
          </params>
          <reporter-output>
          </reporter-output>
        </test-method> <!-- setup -->
        <test-method signature="test_account_Registration()[pri:0, instance:testCases.TC_001_AccountRegistrationTest@53fe15ff]" started-at="2022-11-22T14:44:51 AEDT" name="test_account_Registration" finished-at="2022-11-22T14:44:59 AEDT" duration-ms="7999" status="PASS">
          <reporter-output>
          </reporter-output>
        </test-method> <!-- test_account_Registration -->
        <test-method is-config="true" signature="tearDown()[pri:0, instance:testCases.TC_001_AccountRegistrationTest@53fe15ff]" started-at="2022-11-22T14:44:59 AEDT" name="tearDown" finished-at="2022-11-22T14:45:00 AEDT" duration-ms="240" status="PASS">
          <reporter-output>
          </reporter-output>
        </test-method> <!-- tearDown -->
      </class> <!-- testCases.TC_001_AccountRegistrationTest -->
      <class name="testCases.TC_002_LoginTest">
        <test-method is-config="true" signature="setup(java.lang.String)[pri:0, instance:testCases.TC_002_LoginTest@2eae8e6e]" started-at="2022-11-22T14:45:00 AEDT" name="setup" finished-at="2022-11-22T14:45:05 AEDT" duration-ms="5698" status="PASS">
          <params>
            <param index="0">
              <value>
                <![CDATA[chrome]]>
              </value>
            </param>
          </params>
          <reporter-output>
          </reporter-output>
        </test-method> <!-- setup -->
        <test-method signature="test_login()[pri:0, instance:testCases.TC_002_LoginTest@2eae8e6e]" started-at="2022-11-22T14:45:05 AEDT" name="test_login" finished-at="2022-11-22T14:45:06 AEDT" duration-ms="1101" status="PASS">
          <reporter-output>
          </reporter-output>
        </test-method> <!-- test_login -->
        <test-method is-config="true" signature="tearDown()[pri:0, instance:testCases.TC_002_LoginTest@2eae8e6e]" started-at="2022-11-22T14:45:06 AEDT" name="tearDown" finished-at="2022-11-22T14:45:07 AEDT" duration-ms="248" status="PASS">
          <reporter-output>
          </reporter-output>
        </test-method> <!-- tearDown -->
      </class> <!-- testCases.TC_002_LoginTest -->
      <class name="testCases.TC_003_LoginDataDrivenTest">
        <test-method is-config="true" signature="setup(java.lang.String)[pri:0, instance:testCases.TC_003_LoginDataDrivenTest@8f2ef19]" started-at="2022-11-22T14:45:07 AEDT" name="setup" finished-at="2022-11-22T14:45:12 AEDT" duration-ms="5717" status="PASS">
          <params>
            <param index="0">
              <value>
                <![CDATA[chrome]]>
              </value>
            </param>
          </params>
          <reporter-output>
          </reporter-output>
        </test-method> <!-- setup -->
        <test-method signature="test_LoginDDT(java.lang.String,java.lang.String,java.lang.String)[pri:0, instance:testCases.TC_003_LoginDataDrivenTest@8f2ef19]" started-at="2022-11-22T14:45:13 AEDT" name="test_LoginDDT" data-provider="LoginData" finished-at="2022-11-22T14:45:15 AEDT" duration-ms="1347" status="PASS">
          <params>
            <param index="0">
              <value>
                <![CDATA[abcxyz@gmaili.com]]>
              </value>
            </param>
            <param index="1">
              <value>
                <![CDATA[test@123]]>
              </value>
            </param>
            <param index="2">
              <value>
                <![CDATA[Valid]]>
              </value>
            </param>
          </params>
          <reporter-output>
          </reporter-output>
        </test-method> <!-- test_LoginDDT -->
        <test-method signature="test_LoginDDT(java.lang.String,java.lang.String,java.lang.String)[pri:0, instance:testCases.TC_003_LoginDataDrivenTest@8f2ef19]" started-at="2022-11-22T14:45:15 AEDT" name="test_LoginDDT" data-provider="LoginData" finished-at="2022-11-22T14:45:25 AEDT" duration-ms="10649" status="PASS">
          <params>
            <param index="0">
              <value>
                <![CDATA[lakshmi@yahoo.com]]>
              </value>
            </param>
            <param index="1">
              <value>
                <![CDATA[Laxmi]]>
              </value>
            </param>
            <param index="2">
              <value>
                <![CDATA[Invalid]]>
              </value>
            </param>
          </params>
          <reporter-output>
          </reporter-output>
        </test-method> <!-- test_LoginDDT -->
        <test-method signature="test_LoginDDT(java.lang.String,java.lang.String,java.lang.String)[pri:0, instance:testCases.TC_003_LoginDataDrivenTest@8f2ef19]" started-at="2022-11-22T14:45:25 AEDT" name="test_LoginDDT" data-provider="LoginData" finished-at="2022-11-22T14:45:36 AEDT" duration-ms="10692" status="PASS">
          <params>
            <param index="0">
              <value>
                <![CDATA[laksh@yahoo.com]]>
              </value>
            </param>
            <param index="1">
              <value>
                <![CDATA[Lakshmi]]>
              </value>
            </param>
            <param index="2">
              <value>
                <![CDATA[Invalid]]>
              </value>
            </param>
          </params>
          <reporter-output>
          </reporter-output>
        </test-method> <!-- test_LoginDDT -->
        <test-method signature="test_LoginDDT(java.lang.String,java.lang.String,java.lang.String)[pri:0, instance:testCases.TC_003_LoginDataDrivenTest@8f2ef19]" started-at="2022-11-22T14:45:36 AEDT" name="test_LoginDDT" data-provider="LoginData" finished-at="2022-11-22T14:45:47 AEDT" duration-ms="10691" status="PASS">
          <params>
            <param index="0">
              <value>
                <![CDATA[laks@yahoo.com]]>
              </value>
            </param>
            <param index="1">
              <value>
                <![CDATA[xyz]]>
              </value>
            </param>
            <param index="2">
              <value>
                <![CDATA[Invalid]]>
              </value>
            </param>
          </params>
          <reporter-output>
          </reporter-output>
        </test-method> <!-- test_LoginDDT -->
        <test-method signature="test_LoginDDT(java.lang.String,java.lang.String,java.lang.String)[pri:0, instance:testCases.TC_003_LoginDataDrivenTest@8f2ef19]" started-at="2022-11-22T14:45:47 AEDT" name="test_LoginDDT" data-provider="LoginData" finished-at="2022-11-22T14:45:48 AEDT" duration-ms="1574" status="PASS">
          <params>
            <param index="0">
              <value>
                <![CDATA[abc1040@gmail.com]]>
              </value>
            </param>
            <param index="1">
              <value>
                <![CDATA[Kutty123]]>
              </value>
            </param>
            <param index="2">
              <value>
                <![CDATA[Valid]]>
              </value>
            </param>
          </params>
          <reporter-output>
          </reporter-output>
        </test-method> <!-- test_LoginDDT -->
        <test-method is-config="true" signature="tearDown()[pri:0, instance:testCases.TC_003_LoginDataDrivenTest@8f2ef19]" started-at="2022-11-22T14:45:48 AEDT" name="tearDown" finished-at="2022-11-22T14:45:49 AEDT" duration-ms="298" status="PASS">
          <reporter-output>
          </reporter-output>
        </test-method> <!-- tearDown -->
      </class> <!-- testCases.TC_003_LoginDataDrivenTest -->
    </test> <!-- openCartTest -->
  </suite> <!-- opencartsuite -->
</testng-results>
