<?xml version="1.0" encoding="UTF-8"?>
<testsuite xmlns:xsi="http://www.w3.org/2001/XMLSchema-instance" xsi:noNamespaceSchemaLocation="https://maven.apache.org/surefire/maven-surefire-plugin/xsd/surefire-test-report-3.0.xsd" version="3.0" name="TestSuite" time="73.491" tests="7" errors="0" skipped="0" failures="0">
  <properties>
[...]
</properties>
  <testcase name="test_account_Registration" classname="testCases.TC_001_AccountRegistrationTest" time="8.024">
    <system-err><![CDATA[SLF4J: No SLF4J providers were found.
SLF4J: Defaulting to no-operation (NOP) logger implementation
SLF4J: See https://www.slf4j.org/codes.html#noProviders for further details.
1669087959121	geckodriver	INFO	Listening on 127.0.0.1:27201
1669087959399	mozrunner::runner	INFO	Running command: "C:\\Program Files\\Mozilla Firefox\\firefox.exe" "--marionette" "--remote-debugging-port" "23456" "--remote-allow-hosts" "localhost" "--remote-allow-origins" "http://127.0.0.1:23456/,http://localhost:23456/,http://[::1]:23456/" "-no-remote" "-profile" "C:\\Users\\parla\\AppData\\Local\\Temp\\rust_mozprofileKe0ARM"
1669087959765	Marionette	INFO	Marionette enabled
1669087959772	Marionette	INFO	Listening on port 55852
Read port: 55852
WebDriver BiDi listening on ws://127.0.0.1:23456
1669087959960	RemoteAgent	WARN	TLS certificate errors will be ignored for this session
console.warn: SearchSettings: "get: No settings file exists, new profile?" (new NotFoundError("Could not open the file at C:\\Users\\parla\\AppData\\Local\\Temp\\rust_mozprofileKe0ARM\\search.json.mozlz4", (void 0)))
DevTools listening on ws://127.0.0.1:23456/devtools/browser/e496fd7f-f872-4f28-8c33-8169f9b9fbec
console.warn: LoginRecipes: "Falling back to a synchronous message for: http://localhost."
console.warn: LoginRecipes: "Falling back to a synchronous message for: http://localhost."
]]></system-err>
  </testcase>
  <testcase name="test_login" classname="testCases.TC_002_LoginTest" time="1.468">
    <system-err><![CDATA[1669087974200	Marionette	INFO	Stopped listening on port 55852
1669087975348	geckodriver	INFO	Listening on 127.0.0.1:23851
1669087975389	mozrunner::runner	INFO	Running command: "C:\\Program Files\\Mozilla Firefox\\firefox.exe" "--marionette" "--remote-debugging-port" "25800" "--remote-allow-hosts" "localhost" "--remote-allow-origins" "http://127.0.0.1:25800/,http://localhost:25800/,http://[::1]:25800/" "-no-remote" "-profile" "C:\\Users\\parla\\AppData\\Local\\Temp\\rust_mozprofileSvUvho"
1669087975791	Marionette	INFO	Marionette enabled
1669087975796	Marionette	INFO	Listening on port 55933
Read port: 55933
WebDriver BiDi listening on ws://127.0.0.1:25800
1669087975953	RemoteAgent	WARN	TLS certificate errors will be ignored for this session
console.warn: SearchSettings: "get: No settings file exists, new profile?" (new NotFoundError("Could not open the file at C:\\Users\\parla\\AppData\\Local\\Temp\\rust_mozprofileSvUvho\\search.json.mozlz4", (void 0)))
DevTools listening on ws://127.0.0.1:25800/devtools/browser/82dfbd5c-0e1c-4ebf-bcdb-643fb819e625
console.warn: LoginRecipes: "Falling back to a synchronous message for: http://localhost."
console.warn: LoginRecipes: "Falling back to a synchronous message for: http://localhost."
]]></system-err>
  </testcase>
  <testcase name="test_LoginDDT[abcxyz@gmaili.com, test@123, Valid](1)" classname="testCases.TC_003_LoginDataDrivenTest" time="1.972">
    <system-err><![CDATA[1669087983458	Marionette	INFO	Stopped listening on port 55933
1669087984485	geckodriver	INFO	Listening on 127.0.0.1:46699
1669087984512	mozrunner::runner	INFO	Running command: "C:\\Program Files\\Mozilla Firefox\\firefox.exe" "--marionette" "--remote-debugging-port" "33297" "--remote-allow-hosts" "localhost" "--remote-allow-origins" "http://127.0.0.1:33297/,http://localhost:33297/,http://[::1]:33297/" "-no-remote" "-profile" "C:\\Users\\parla\\AppData\\Local\\Temp\\rust_mozprofileB2Itev"
1669087984880	Marionette	INFO	Marionette enabled
1669087984886	Marionette	INFO	Listening on port 56032
Read port: 56032
WebDriver BiDi listening on ws://127.0.0.1:33297
1669087985060	RemoteAgent	WARN	TLS certificate errors will be ignored for this session
console.warn: SearchSettings: "get: No settings file exists, new profile?" (new NotFoundError("Could not open the file at C:\\Users\\parla\\AppData\\Local\\Temp\\rust_mozprofileB2Itev\\search.json.mozlz4", (void 0)))
DevTools listening on ws://127.0.0.1:33297/devtools/browser/addb8a70-c97c-4c95-9a49-bc1bf6a62b81
console.warn: LoginRecipes: "Falling back to a synchronous message for: http://localhost."
console.warn: LoginRecipes: "Falling back to a synchronous message for: http://localhost."
]]></system-err>
  </testcase>
  <testcase name="test_LoginDDT[lakshmi@yahoo.com, Laxmi, Invalid](2)" classname="testCases.TC_003_LoginDataDrivenTest" time="10.968"/>
  <testcase name="test_LoginDDT[laksh@yahoo.com, Lakshmi, Invalid](3)" classname="testCases.TC_003_LoginDataDrivenTest" time="10.973"/>
  <testcase name="test_LoginDDT[laks@yahoo.com, xyz, Invalid](4)" classname="testCases.TC_003_LoginDataDrivenTest" time="10.96"/>
  <testcase name="test_LoginDDT[abc1040@gmail.com, Kutty123, Valid](5)" classname="testCases.TC_003_LoginDataDrivenTest" time="1.893"/>
</testsuite>