<?xml version="1.0" encoding="UTF-8"?>
<testng-results ignored="0" total="5" passed="5" failed="0" skipped="0">
  <reporter-output>
  </reporter-output>
  <suite started-at="2022-11-16T14:16:52 AEDT" name="CartSuite" finished-at="2022-11-16T14:17:36 AEDT" duration-ms="44285">
    <groups>
    </groups>
    <test started-at="2022-11-16T14:16:52 AEDT" name="openCartTest" finished-at="2022-11-16T14:17:36 AEDT" duration-ms="44285">
      <class name="testCases.TC_003_LoginDataDrivenTest">
        <test-method is-config="true" signature="setup(java.lang.String)[pri:0, instance:testCases.TC_003_LoginDataDrivenTest@71ba6d4e]" started-at="2022-11-16T14:16:52 AEDT" name="setup" finished-at="2022-11-16T14:16:58 AEDT" duration-ms="6266" status="PASS">
          <params>
            <param index="0">
              <value>
                <![CDATA[chrome]]>
              </value>
            </param>
          </params>
          <reporter-output>
          </reporter-output>
        </test-method> <!-- setup -->
        <test-method signature="test_LoginDDT(java.lang.String,java.lang.String,java.lang.String)[pri:0, instance:testCases.TC_003_LoginDataDrivenTest@71ba6d4e]" started-at="2022-11-16T14:16:59 AEDT" name="test_LoginDDT" data-provider="LoginData" finished-at="2022-11-16T14:17:01 AEDT" duration-ms="1952" status="PASS">
          <params>
            <param index="0">
              <value>
                <![CDATA[abcxyz@gmaili.com]]>
              </value>
            </param>
            <param index="1">
              <value>
                <![CDATA[test@123]]>
              </value>
            </param>
            <param index="2">
              <value>
                <![CDATA[Valid]]>
              </value>
            </param>
          </params>
          <reporter-output>
          </reporter-output>
        </test-method> <!-- test_LoginDDT -->
        <test-method signature="test_LoginDDT(java.lang.String,java.lang.String,java.lang.String)[pri:0, instance:testCases.TC_003_LoginDataDrivenTest@71ba6d4e]" started-at="2022-11-16T14:17:01 AEDT" name="test_LoginDDT" data-provider="LoginData" finished-at="2022-11-16T14:17:12 AEDT" duration-ms="10782" status="PASS">
          <params>
            <param index="0">
              <value>
                <![CDATA[lakshmi@yahoo.com]]>
              </value>
            </param>
            <param index="1">
              <value>
                <![CDATA[Laxmi]]>
              </value>
            </param>
            <param index="2">
              <value>
                <![CDATA[Invalid]]>
              </value>
            </param>
          </params>
          <reporter-output>
          </reporter-output>
        </test-method> <!-- test_LoginDDT -->
        <test-method signature="test_LoginDDT(java.lang.String,java.lang.String,java.lang.String)[pri:0, instance:testCases.TC_003_LoginDataDrivenTest@71ba6d4e]" started-at="2022-11-16T14:17:12 AEDT" name="test_LoginDDT" data-provider="LoginData" finished-at="2022-11-16T14:17:23 AEDT" duration-ms="10814" status="PASS">
          <params>
            <param index="0">
              <value>
                <![CDATA[laksh@yahoo.com]]>
              </value>
            </param>
            <param index="1">
              <value>
                <![CDATA[Lakshmi]]>
              </value>
            </param>
            <param index="2">
              <value>
                <![CDATA[Invalid]]>
              </value>
            </param>
          </params>
          <reporter-output>
          </reporter-output>
        </test-method> <!-- test_LoginDDT -->
        <test-method signature="test_LoginDDT(java.lang.String,java.lang.String,java.lang.String)[pri:0, instance:testCases.TC_003_LoginDataDrivenTest@71ba6d4e]" started-at="2022-11-16T14:17:23 AEDT" name="test_LoginDDT" data-provider="LoginData" finished-at="2022-11-16T14:17:34 AEDT" duration-ms="10843" status="PASS">
          <params>
            <param index="0">
              <value>
                <![CDATA[laks@yahoo.com]]>
              </value>
            </param>
            <param index="1">
              <value>
                <![CDATA[xyz]]>
              </value>
            </param>
            <param index="2">
              <value>
                <![CDATA[Invalid]]>
              </value>
            </param>
          </params>
          <reporter-output>
          </reporter-output>
        </test-method> <!-- test_LoginDDT -->
        <test-method signature="test_LoginDDT(java.lang.String,java.lang.String,java.lang.String)[pri:0, instance:testCases.TC_003_LoginDataDrivenTest@71ba6d4e]" started-at="2022-11-16T14:17:34 AEDT" name="test_LoginDDT" data-provider="LoginData" finished-at="2022-11-16T14:17:36 AEDT" duration-ms="1926" status="PASS">
          <params>
            <param index="0">
              <value>
                <![CDATA[abc1040@gmail.com]]>
              </value>
            </param>
            <param index="1">
              <value>
                <![CDATA[Kutty123]]>
              </value>
            </param>
            <param index="2">
              <value>
                <![CDATA[Valid]]>
              </value>
            </param>
          </params>
          <reporter-output>
          </reporter-output>
        </test-method> <!-- test_LoginDDT -->
        <test-method is-config="true" signature="tearDown()[pri:0, instance:testCases.TC_003_LoginDataDrivenTest@71ba6d4e]" started-at="2022-11-16T14:17:36 AEDT" name="tearDown" finished-at="2022-11-16T14:17:36 AEDT" duration-ms="287" status="PASS">
          <reporter-output>
          </reporter-output>
        </test-method> <!-- tearDown -->
      </class> <!-- testCases.TC_003_LoginDataDrivenTest -->
    </test> <!-- openCartTest -->
  </suite> <!-- CartSuite -->
</testng-results>
