<?xml version="1.0" encoding="UTF-8"?>
<!-- Generated by org.testng.reporters.JUnitXMLReporter -->
<testsuite ignored="0" hostname="LAPTOP-G06LN27R" failures="0" tests="5" name="openCartTest" time="44.285" errors="0" timestamp="2022-11-16T14:17:36 AEDT">
  <testcase classname="testCases.TC_003_LoginDataDrivenTest" name="test_LoginDDT" time="1.952"/>
  <testcase classname="testCases.TC_003_LoginDataDrivenTest" name="test_LoginDDT" time="10.782"/>
  <testcase classname="testCases.TC_003_LoginDataDrivenTest" name="test_LoginDDT" time="10.814"/>
  <testcase classname="testCases.TC_003_LoginDataDrivenTest" name="test_LoginDDT" time="10.843"/>
  <testcase classname="testCases.TC_003_LoginDataDrivenTest" name="test_LoginDDT" time="1.926"/>
</testsuite> <!-- openCartTest -->
